stsdk_utils/proguard-rules.pro
-optimizationpasses 5                       # 代码混淆的压缩比例，值介于0-7，默认5
-verbose                                    # 混淆时记录日志
-dontoptimize                               # 不优化输入的类文件
-dontshrink                                 # 关闭压缩
-dontpreverify                              # 关闭预校验(作用于Java平台，Android不需要，去掉可加快混淆)
-dontoptimize                               # 关闭代码优化
#-dontobfuscate                              # 关闭混淆
-ignorewarnings                             # 忽略警告
-dontwarn com.squareup.okhttp.**            # 指定类不输出警告信息
-dontusemixedcaseclassnames                 # 混淆后类型都为小写
-dontskipnonpubliclibraryclasses            # 不跳过非公共的库的类
-dontskipnonpubliclibraryclassmembers       # 指定不去忽略非公共的库的类的成员
-printmapping mapping.txt                   # 生成原类名与混淆后类名的映射文件mapping.txt
-useuniqueclassmembernames                  # 把混淆类中的方法名也混淆
#-allowaccessmodification                    # 优化时允许访问并修改有修饰符的类及类的成员，建议不要允许优化，防止打包时自动修改类的修饰符为public。PS：proguard-android-optimize.txt中自带此属性，建议使用proguard-android.txt即可，不要使用带optimize混淆文件
-renamesourcefileattribute SourceFile       # 将源码中有意义的类名转换成SourceFile，用于混淆具体崩溃代码
-keepattributes SourceFile,LineNumberTable  # 保留行号
-keepattributes *Annotation*,InnerClasses,Signature,EnclosingMethod # 避免混淆注解、内部类、泛型、匿名类
-optimizations !code/simplification/arithmetic,!code/simplification/cast,!field/*,!class/merging/*   # 指定混淆时采用的算法

# 指定外部模糊字典
-obfuscationdictionary proguard.txt
# 指定class模糊字典
-classobfuscationdictionary proguard.txt
# 指定package模糊字典
-packageobfuscationdictionary proguard.txt


#保持哪些类不被混淆
-keep public class * extends android.app.Activity
-keep public class * extends android.app.Application
-keep public class * extends android.app.Service
-keep public class * extends android.content.BroadcastReceiver
-keep public class * extends android.content.ContentProvider
-keep public class * extends android.app.backup.BackupAgentHelper
-keep public class * extends android.preference.Preference

#如果有引用v4包可以添加下面这行
-keep public class * extends android.support.v4.app.Fragment
#忽略警告
#-ignorewarning
##记录生成的日志数据,gradle build时在本项目根目录输出##
#apk 包内所有 class 的内部结构
-dump proguard/class_files.txt
#未混淆的类和成员
-printseeds proguard/seeds.txt
#列出从 apk 中删除的代码
-printusage proguard/unused.txt
#混淆前后的映射
-printmapping proguard/mapping.txt
########记录生成的日志数据，gradle build时 在本项目根目录输出-end######
#如果引用了v4或者v7包
-dontwarn android.support.**
#保持 native 方法不被混淆
-keepclasseswithmembernames class * {
    native <methods>;
}

#保持自定义控件类不被混淆
-keepclasseswithmembers class * {
    public <init>(android.content.Context, android.util.AttributeSet);
}
-keepclasseswithmembers class * {
    public <init>(android.content.Context, android.util.AttributeSet, int);
}

#保持自定义控件类不被混淆
-keepclassmembers class * extends android.app.Activity {
   public void *(android.view.View);
}

-keep public class * extends android.view.View {
    public <init>(android.content.Context);
    public <init>(android.content.Context, android.util.AttributeSet);
    public <init>(android.content.Context, android.util.AttributeSet, int);
    public void set*(...);
}

#保持 Parcelable 不被混淆
-keep class * implements android.os.Parcelable {
  public static final android.os.Parcelable$Creator *;
}

#保持 Serializable 不被混淆
-keepnames class * implements java.io.Serializable

#保持 Serializable 不被混淆并且enum 类也不被混淆
-keepclassmembers class * implements java.io.Serializable {
    static final long serialVersionUID;
    private static final java.io.ObjectStreamField[] serialPersistentFields;
    !static !transient <fields>;
    !private <fields>;
    !private <methods>;
    private void writeObject(java.io.ObjectOutputStream);
    private void readObject(java.io.ObjectInputStream);
    java.lang.Object writeReplace();
    java.lang.Object readResolve();
}

#保持枚举 enum 类不被混淆
-keepclassmembers enum * {
  public static **[] values();
  public static ** valueOf(java.lang.String);
}

-keepclassmembers class * {
    public void *ButtonClicked(android.view.View);
}

#不混淆资源类
-keepclassmembers class **.R$* {
    public static <fields>;
}

#避免混淆泛型 如果混淆报错建议关掉
-keepattributes Signature


#-keep                           # 防止类和类成员被移除或被混淆；
#-keepnames                      # 防止类和类成员被混淆；
#-keepclassmembers	             # 防止类成员被移除或被混淆；
#-keepclassmembernames           # 防止类成员被混淆；
#-keepclasseswithmembers         # 防止拥有该成员的类和类成员被移除或被混淆；
#-keepclasseswithmembernames     # 防止拥有该成员的类和类成员被混淆；

-keep class com.ldrobot.utils.bean** {*;}
-keep class com.ldrobot.utils.http** {
    public *;
}
-keep class com.ldrobot.utils.http.HttpRequest {*;}
-keep class com.ldrobot.utils.http.HttpResponse {*;}
-keep class com.ldrobot.utils.util** {
    public *;
}
-keep class com.ldrobot.utils.BuildConfig {*;}


#########################################################第三方的混淆配置开始#########################################################

##############################Retrofit混淆配置##############################
-dontnote retrofit2.Platform
-dontnote retrofit2.Platform$IOS$MainThreadExecutor
-dontwarn retrofit2.Platform$Java8
-keepattributes Signature
-keepattributes Exceptions

-dontwarn okio.**
-dontwarn javax.annotation.**
-dontwarn sun.misc.**
-dontwarn sorg.codehaus.mojo.animal_sniffer.**
-dontwarn org.codehaus.**
-dontwarn java.nio.**
-dontwarn java.lang.invoke.**

##解决java.lang.InternalError
-keepclassmembers class rx.internal.util.unsafe.*ArrayQueue*Field* {
    long producerIndex;
    long consumerIndex;
}
-keepclassmembers class rx.internal.util.unsafe.BaseLinkedQueueProducerNodeRef {
    rx.internal.util.atomic.LinkedQueueNode producerNode;
}
-keepclassmembers class rx.internal.util.unsafe.BaseLinkedQueueConsumerNodeRef {
    rx.internal.util.atomic.LinkedQueueNode consumerNode;
}


##############################OkHttp#混淆配置##############################
#okhttputils
-dontwarn com.zhy.http.**
-keep class com.zhy.http.**{*;}

#okhttp
-dontwarn okhttp3.**
-keep class okhttp3.**{*;}

#okio
-dontwarn okio.**
-keep class okio.**{*;}

-dontwarn com.squareup.okhttp.**
-dontwarn javax.annotation.**
-dontwarn com.android.volley.toolbox.**
-dontwarn com.facebook.infer.**
-keep class com.squareup.okhttp.** { *;}
-keep interface com.squareup.okhttp.** { *; }
-dontwarn okhttp3.logging.**
-keep class okhttp3.internal.**{ *;}
-dontwarn okhttp3.**
-dontwarn okio.**


##############################FastJson#混淆配置##############################
-dontwarn com.alibaba.fastjson.**
-keep class com.alibaba.fastjson.** { *;}


##############################EventBus#混淆配置##############################
-keepattributes *Annotation*
-keepclassmembers class ** {
    @org.greenrobot.eventbus.Subscribe <methods>;
}
-keep enum org.greenrobot.eventbus.ThreadMode { *; }

# Only required if you use AsyncExecutor
-keepclassmembers class * extends org.greenrobot.eventbus.util.ThrowableFailureEvent {
    <init>(java.lang.Throwable);
}

#########################################################第三方的混淆配置结束#########################################################