stsdk_utils/proguard/seeds.txt
com.ldrobot.utils.util.netconfig.ble.AttConstant$RobotWifiState
com.ldrobot.utils.http.RetrofitUtil$2
com.ldrobot.utils.util.FileUtil
com.ldrobot.utils.util.LogUtils
com.ldrobot.utils.util.lru.DiskLruCache$Snapshot
com.ldrobot.utils.util.SharePreferencesUtils$1
com.ldrobot.utils.util.TimestampTool
com.ldrobot.utils.http.HttpRequest
com.ldrobot.utils.util.SystemUtil
com.ldrobot.utils.util.ExecutorUtil
com.ldrobot.utils.util.LanguageUtil
com.ldrobot.utils.util.xmlparser.FileReader
com.ldrobot.utils.util.netconfig.ble.AttConstant$BleCmd
com.ldrobot.utils.bean.ble.RealDataBean
com.ldrobot.utils.util.netconfig.ble.LDGattCallBack
com.ldrobot.utils.util.netconfig.wifi.WifiFunction$1
com.ldrobot.utils.util.SharePreferencesUtils$2
com.ldrobot.utils.bean.ble.BleDeviceBean$1
com.ldrobot.utils.bean.ble.BleScanCallback
com.ldrobot.utils.util.lru.StrictLineReader
com.ldrobot.utils.util.socketudpconnect.SocketUdpPackageManager
com.ldrobot.utils.http.HttpCallback
com.ldrobot.utils.util.lru.LruCacheUtil
com.ldrobot.utils.util.socketudpconnect.SocketUdpClient$3
com.ldrobot.utils.http.RetrofitUtil
com.ldrobot.utils.util.lru.LruCacheUtil$SaveType
com.ldrobot.utils.util.lru.DiskLruCache$1
com.ldrobot.utils.http.RetrofitUtil$1
com.ldrobot.utils.http.HttpResponse
com.ldrobot.utils.util.PkgUtils
com.ldrobot.utils.util.EventBusUtil
com.ldrobot.utils.util.lru.DiskLruCache$Entry
com.ldrobot.utils.util.xmlparser.JsonToXml
com.ldrobot.utils.http.RetrofitUtil$3
com.ldrobot.utils.util.MediaUtil
com.ldrobot.utils.http.RetrofitUtil$LoggingInterceptor
com.ldrobot.utils.util.StringUtil
com.ldrobot.utils.util.AES
com.ldrobot.utils.bean.ble.BleDeviceBean
com.ldrobot.utils.util.socketudpconnect.SocketUdpClient$2
com.ldrobot.utils.util.xmlparser.JsonToXml$Builder
com.ldrobot.utils.util.netconfig.ble.BleCallBack
com.ldrobot.utils.util.MathUtils
com.ldrobot.utils.util.socketudpconnect.SocketUdpClient
com.ldrobot.utils.util.CountryUtils
com.ldrobot.utils.bean.EventBusBean$EventCode
com.ldrobot.utils.util.xmlparser.XmlToJson
com.ldrobot.utils.util.MediaUtil$1
com.ldrobot.utils.util.socketudpconnect.SocketUdpClient$1
com.ldrobot.utils.util.MD5
com.ldrobot.utils.util.netconfig.wifi.WifiFunction$2
com.ldrobot.utils.util.xmlparser.Tag
com.ldrobot.utils.util.MediaUtil$4
com.ldrobot.utils.bean.ble.BleRequest
com.ldrobot.utils.util.netconfig.wifi.WifiFunction
com.ldrobot.utils.util.CharacterParserUtil
com.ldrobot.utils.util.CheckFastDoubleClick
com.ldrobot.utils.util.lru.DiskLruCache$Editor$FaultHidingOutputStream
com.ldrobot.utils.util.xmlparser.Node$Attribute
com.ldrobot.utils.bean.EventBusBean
com.ldrobot.utils.util.netconfig.wifi.WifiFunction$Callback
com.ldrobot.utils.util.lru.StrictLineReader$1
com.ldrobot.utils.util.netconfig.ble.BluetoothUtils$1
com.ldrobot.utils.util.netconfig.wifi.WifiScanReceiver
com.ldrobot.utils.util.lru.Util
com.ldrobot.utils.R
com.ldrobot.utils.util.netconfig.wifi.WifiFunction$OnWifiFunctionListener
com.ldrobot.utils.util.lru.DiskLruCache$Editor
com.ldrobot.utils.util.MediaUtil$3
com.ldrobot.utils.util.socketudpconnect.SocketUdpResponse
com.ldrobot.utils.util.SharePreferencesUtils$Key
com.ldrobot.utils.util.xmlparser.Node
com.ldrobot.utils.util.netconfig.wifi.WifiFunction$1$1
com.ldrobot.utils.BuildConfig
com.ldrobot.utils.util.SharePreferencesUtils
com.ldrobot.utils.util.netconfig.wifi.WifiScanResultCallback
com.ldrobot.utils.util.lru.DiskLruCache
com.ldrobot.utils.bean.ble.SendBleBean
com.ldrobot.utils.util.MyJson$1
com.ldrobot.utils.util.BaseConst
com.ldrobot.utils.util.MediaUtil$2
com.ldrobot.utils.util.WriteLogUtil
com.ldrobot.utils.util.xmlparser.XmlToJson$Builder
com.ldrobot.utils.util.DigestUtils
com.ldrobot.utils.util.netconfig.ble.BluetoothUtils
com.ldrobot.utils.http.RetrofitUtil$RetrofitType
com.ldrobot.utils.util.lru.DiskLruCache$2
com.ldrobot.utils.http.BaseHttpUrl
com.ldrobot.utils.util.MyJson
com.ldrobot.utils.util.WorkNoisyFilter
com.ldrobot.utils.util.netconfig.ble.AttConstant
...
org.apache.commons.codec.EncoderException
org.apache.commons.codec.language.bm.RuleType
org.apache.commons.codec.DecoderException
org.apache.commons.codec.language.bm.NameType
org.apache.commons.codec.DecoderException: long serialVersionUID
org.apache.commons.codec.language.bm.RuleType: org.apache.commons.codec.language.bm.RuleType APPROX
org.apache.commons.codec.language.bm.RuleType: org.apache.commons.codec.language.bm.RuleType RULES
org.apache.commons.codec.language.bm.RuleType: org.apache.commons.codec.language.bm.RuleType EXACT
org.apache.commons.codec.language.bm.NameType: org.apache.commons.codec.language.bm.NameType ASHKENAZI
org.apache.commons.codec.EncoderException: long serialVersionUID
org.apache.commons.codec.language.bm.RuleType: java.lang.String name
org.apache.commons.codec.language.bm.NameType: java.lang.String name
org.apache.commons.codec.language.bm.NameType: org.apache.commons.codec.language.bm.NameType SEPHARDIC
org.apache.commons.codec.language.bm.NameType: org.apache.commons.codec.language.bm.NameType GENERIC
org.apache.commons.codec.EncoderException: EncoderException(java.lang.String)
org.apache.commons.codec.language.bm.NameType: java.lang.String getName()
org.apache.commons.codec.EncoderException: EncoderException()
org.apache.commons.codec.DecoderException: DecoderException()
org.apache.commons.codec.DecoderException: DecoderException(java.lang.String,java.lang.Throwable)
org.apache.commons.codec.language.bm.RuleType: java.lang.String getName()
org.apache.commons.codec.language.bm.RuleType: org.apache.commons.codec.language.bm.RuleType valueOf(java.lang.String)
org.apache.commons.codec.language.bm.NameType: org.apache.commons.codec.language.bm.NameType[] values()
org.apache.commons.codec.EncoderException: EncoderException(java.lang.String,java.lang.Throwable)
org.apache.commons.codec.DecoderException: DecoderException(java.lang.String)
org.apache.commons.codec.language.bm.RuleType: org.apache.commons.codec.language.bm.RuleType[] values()
org.apache.commons.codec.DecoderException: DecoderException(java.lang.Throwable)
org.apache.commons.codec.language.bm.NameType: org.apache.commons.codec.language.bm.NameType valueOf(java.lang.String)
org.apache.commons.codec.EncoderException: EncoderException(java.lang.Throwable)