stsdk_utils/proguard/mapping.txt
# compiler: R8
# compiler_version: 8.0.15-dev
# compiler_hash: 18d06d78b11c4f0cd72a0b5452e314ff64481cf8
# common_typos_disable
# {"id":"com.android.tools.r8.mapping","version":"2.1"}
# pg_map_id: 022c77c
# pg_map_hash: SHA-256 022c77ca6d24bd00a802ed149de6998345ea0c4148b81c15e44c18f4b86838f1
com.ldrobot.utils.BuildConfig -> com.ldrobot.utils.BuildConfig:
# {"id":"sourceFile","fileName":"BuildConfig.java"}
    1:1:void <init>():6:6 -> <init>
com.ldrobot.utils.bean.EventBusBean -> com.ldrobot.utils.bean.EventBusBean:
# {"id":"sourceFile","fileName":"EventBusBean.java"}
    1:2:void <init>(int):29:30 -> <init>
    3:5:void <init>(int,java.lang.String):33:35 -> <init>
    6:8:void <init>(int,int):38:40 -> <init>
    9:11:void <init>(int,boolean):43:45 -> <init>
    12:15:void <init>(int,java.lang.String,java.lang.Object):48:51 -> <init>
    16:19:void <init>(int,java.lang.String,boolean):54:57 -> <init>
    20:24:void <init>(int,java.lang.String,int,boolean):60:64 -> <init>
    25:29:void <init>(int,java.lang.String,java.lang.String,boolean):67:71 -> <init>
    1:1:boolean getBooleanData():99:99 -> getBooleanData
    1:1:int getCode():75:75 -> getCode
    1:1:java.lang.Object getData():91:91 -> getData
    1:1:int getIntData():107:107 -> getIntData
    1:1:java.lang.String getMsg():83:83 -> getMsg
    1:1:java.lang.String getStringData():115:115 -> getStringData
    1:1:void setBooleanData(boolean):103:103 -> setBooleanData
    1:1:void setCode(int):79:79 -> setCode
    1:1:void setData(java.lang.Object):95:95 -> setData
    1:1:void setIntData(int):111:111 -> setIntData
    1:1:void setMsg(java.lang.String):87:87 -> setMsg
    1:1:void setStringData(java.lang.String):119:119 -> setStringData
com.ldrobot.utils.bean.EventBusBean$EventCode -> com.ldrobot.utils.bean.EventBusBean$EventCode:
# {"id":"sourceFile","fileName":"EventBusBean.java"}
com.ldrobot.utils.bean.ble.BleDeviceBean -> com.ldrobot.utils.bean.ble.BleDeviceBean:
# {"id":"sourceFile","fileName":"BleDeviceBean.java"}
    1:1:void <clinit>():237:237 -> <clinit>
    1:1:void <init>():26:26 -> <init>
    2:8:void <init>():18:24 -> <init>
    9:9:void <init>(android.os.Parcel):217:217 -> <init>
    10:226:void <init>(android.os.Parcel):18:234 -> <init>
    1:1:java.lang.String getAddress():112:112 -> getAddress
    1:1:java.lang.String getConfigType():80:80 -> getConfigType
    1:1:java.lang.String getData():72:72 -> getData
    1:1:int getDeviceType():120:120 -> getDeviceType
    1:1:int getFlag():128:128 -> getFlag
    1:1:java.lang.String getId():54:54 -> getId
    1:1:boolean getIsbind():38:38 -> getIsbind
    1:1:java.lang.String getMac():104:104 -> getMac
    1:1:java.lang.String getName():46:46 -> getName
    1:1:byte[] getPidRaw():164:164 -> getPidRaw
    1:1:java.lang.String getProductId():88:88 -> getProductId
    1:1:java.lang.String getProviderName():64:64 -> getProviderName
    1:1:byte[] getRaw():140:140 -> getRaw
    1:1:int getRssi():156:156 -> getRssi
    1:1:java.lang.String getUuid():96:96 -> getUuid
    1:1:boolean isRoam():30:30 -> isRoam
    1:1:boolean isShare():148:148 -> isShare
    1:17:void readFromParcel(android.os.Parcel):198:214 -> readFromParcel
    1:1:void setAddress(java.lang.String):116:116 -> setAddress
    1:1:void setConfigType(java.lang.String):84:84 -> setConfigType
com.ldrobot.utils.bean.ble.BleDeviceBean$1 -> com.ldrobot.utils.bean.ble.BleDeviceBean$1:
# {"id":"sourceFile","fileName":"BleDeviceBean.java"}
    1:1:void <init>():237:237 -> <init>
    1:1:java.lang.Object createFromParcel(android.os.Parcel):237:237 -> createFromParcel
    2:2:com.ldrobot.utils.bean.ble.BleDeviceBean createFromParcel(android.os.Parcel):240:240 -> createFromParcel
    1:1:java.lang.Object[] newArray(int):237:237 -> newArray
    2:2:com.ldrobot.utils.bean.ble.BleDeviceBean[] newArray(int):245:245 -> newArray
com.ldrobot.utils.bean.ble.BleRequest -> com.ldrobot.utils.bean.ble.BleRequest:
# {"id":"sourceFile","fileName":"BleRequest.java"}
    1:1:void <init>():3:3 -> <init>
    1:1:java.lang.String getData():8:8 -> getData
    1:1:int getLen():16:16 -> getLen
    1:1:void setData(java.lang.String):12:12 -> setData
    1:1:void setLen(int):20:20 -> setLen
    1:1:java.lang.String toString():25:25 -> toString
...
org.apache.commons.codec.binary.BaseNCodecInputStream -> org.apache.commons.codec.binary.utils000O0000Oo:
# {"id":"sourceFile","fileName":"BaseNCodecInputStream.java"}
    org.apache.commons.codec.binary.BaseNCodec baseNCodec -> utils000O00000Oo
    boolean doEncode -> utils0000O000000o
    byte[] singleByte -> utils000O00000o0
    1:1:void <init>(java.io.InputStream,org.apache.commons.codec.binary.BaseNCodec,boolean):38:38 -> <init>
    2:7:void <init>(java.io.InputStream,org.apache.commons.codec.binary.BaseNCodec,boolean):35:40 -> <init>
    1:6:int read():52:57 -> read
    7:42:int read(byte[],int,int):84:119 -> read
    43:43:int read(byte[],int,int):88:88 -> read
    44:44:int read(byte[],int,int):86:86 -> read
org.apache.commons.codec.binary.BaseNCodecOutputStream -> org.apache.commons.codec.binary.utils00O0000Ooo:
# {"id":"sourceFile","fileName":"BaseNCodecOutputStream.java"}
    org.apache.commons.codec.binary.BaseNCodec baseNCodec -> utils000O00000Oo
    boolean doEncode -> utils0000O000000o
    byte[] singleByte -> utils000O00000o0
    1:1:void <init>(java.io.OutputStream,org.apache.commons.codec.binary.BaseNCodec,boolean):38:38 -> <init>
    2:7:void <init>(java.io.OutputStream,org.apache.commons.codec.binary.BaseNCodec,boolean):35:40 -> <init>
    1:7:void close():136:142 -> close
    1:1:void flush():124:124 -> flush
    1:10:void flush(boolean):103:112 -> utils0000O000000o
    1:2:void write(int):53:54 -> write
    3:14:void write(byte[],int,int):78:89 -> write
    15:15:void write(byte[],int,int):82:82 -> write
    16:16:void write(byte[],int,int):80:80 -> write
org.apache.commons.codec.binary.BinaryCodec -> org.apache.commons.codec.binary.utils00O0000o00:
# {"id":"sourceFile","fileName":"BinaryCodec.java"}
    int BIT_4 -> utils000O0000O0o
    int BIT_5 -> utils000O0000OOo
    int BIT_7 -> utils000O0000Oo
    byte[] EMPTY_BYTE_ARRAY -> utils000O00000Oo
    char[] EMPTY_CHAR_ARRAY -> utils0000O000000o
    int BIT_0 -> utils000O00000o0
    int BIT_1 -> utils000O00000o
    int BIT_2 -> utils000O00000oO
    int BIT_3 -> utils000O00000oo
    int BIT_6 -> utils000O0000Oo0
    int[] BITS -> utils000O0000OoO
    1:30:void <clinit>():41:70 -> <clinit>
    1:1:void <init>():35:35 -> <init>
    1:1:byte[] encode(byte[]):81:81 -> utils0000O000000o
    2:5:java.lang.Object encode(java.lang.Object):95:98 -> utils0000O000000o
    6:6:java.lang.Object encode(java.lang.Object):96:96 -> utils0000O000000o
    7:19:byte[] fromAscii(char[]):167:179 -> utils0000O000000o
    20:20:byte[] fromAscii(char[]):168:168 -> utils0000O000000o
    1:12:java.lang.Object decode(java.lang.Object):113:124 -> utils000O00000Oo
    13:13:byte[] decode(byte[]):136:136 -> utils000O00000Oo
    1:1:boolean isEmpty(byte[]):221:221 -> utils000O00000o
    1:3:byte[] toByteArray(java.lang.String):149:151 -> utils000O00000o0
    4:16:byte[] fromAscii(byte[]):194:206 -> utils000O00000o0
    1:15:byte[] toAsciiBytes(byte[]):234:248 -> utils000O00000oO
    1:15:char[] toAsciiChars(byte[]):264:278 -> utils000O00000oo